{"name":"create user in the system SIMON","id":"to-create-an-user-in-the-application-simon-and-verified-its-creation;create-user-in-the-system-simon","testSteps":[{"number":1,"description":"Example: {Personal_Type\u003d\"Persona Natural\", Document_Type\u003d\"Cedula\", Number\u003d\"8064623\", Name\u003d\"wilson\", Last_Name\u003d\"Bedoya\", Sex\u003d\"M\", BirthDay\u003d\"11-06-1985\", Password\u003d\"12345Colombia\"}","duration":23125,"startTime":"2021-01-10T11:38:59.195-05:00[GMT-05:00]","exception":{"errorType":"net.thucydides.core.webdriver.exceptions.ElementShouldBeEnabledException","message":"Expected enabled element was not enabled","stackTrace":[{"declaringClass":"tasks.Register","methodName":"performAs","fileName":"Register.java","lineNumber":40},{"declaringClass":"stepdefinitions.simonPageStepDefinition","methodName":"heFillsTheFormInAnd","fileName":"simonPageStepDefinition.java","lineNumber":34},{"declaringClass":"cucumber.runner.Runner","methodName":"runPickle","fileName":"Runner.java","lineNumber":80}],"rootCause":{"errorType":"org.openqa.selenium.TimeoutException","message":"Expected condition failed: waiting for By.id: select2-drop-mask to be enabled (tried for 5 second(s) with 100 milliseconds interval)","stackTrace":[{"declaringClass":"tasks.Register","methodName":"performAs","fileName":"Register.java","lineNumber":40},{"declaringClass":"stepdefinitions.simonPageStepDefinition","methodName":"heFillsTheFormInAnd","fileName":"simonPageStepDefinition.java","lineNumber":34},{"declaringClass":"cucumber.runner.Runner","methodName":"runPickle","fileName":"Runner.java","lineNumber":80}],"rootCause":{"errorType":"org.openqa.selenium.NoSuchElementException","message":"no such element: Unable to locate element: {\"method\":\"css selector\",\"selector\":\"#select2\\-drop\\-mask\"}\n  (Session info: chrome\u003d87.0.4280.141)\nFor documentation on this error, please visit: https://www.seleniumhq.org/exceptions/no_such_element.html\nBuild info: version: \u00273.141.59\u0027, revision: \u0027e82be7d358\u0027, time: \u00272018-11-14T08:17:03\u0027\nSystem info: host: \u0027DESKTOP-4OF7A4J\u0027, ip: \u0027192.168.1.101\u0027, os.name: \u0027Windows 10\u0027, os.arch: \u0027amd64\u0027, os.version: \u002710.0\u0027, java.version: \u00271.8.0_271\u0027\nDriver info: org.openqa.selenium.chrome.ChromeDriver\nCapabilities {acceptInsecureCerts: false, browserName: chrome, browserVersion: 87.0.4280.141, chrome: {chromedriverVersion: 87.0.4280.88 (89e2380a3e36c..., userDataDir: C:\\Users\\wabo\\AppData\\Local...}, goog:chromeOptions: {debuggerAddress: localhost:54873}, javascriptEnabled: true, networkConnectionEnabled: false, pageLoadStrategy: normal, platform: WINDOWS, platformName: WINDOWS, proxy: Proxy(), setWindowRect: true, strictFileInteractability: false, timeouts: {implicit: 0, pageLoad: 300000, script: 30000}, unhandledPromptBehavior: dismiss and notify, webauthn:virtualAuthenticators: true}\nSession ID: 578c419a8238740b2cde24d98253e05c\n*** Element info: {Using\u003did, value\u003dselect2-drop-mask}","stackTrace":[{"declaringClass":"tasks.Register","methodName":"performAs","fileName":"Register.java","lineNumber":40},{"declaringClass":"stepdefinitions.simonPageStepDefinition","methodName":"heFillsTheFormInAnd","fileName":"simonPageStepDefinition.java","lineNumber":34},{"declaringClass":"cucumber.runner.Runner","methodName":"runPickle","fileName":"Runner.java","lineNumber":80}]}}},"result":"FAILURE","precondition":false,"level":0,"lineNumber":0,"children":[{"number":2,"description":"Given that \"wilson\" wants to join in the aplication SIMON","duration":12006,"startTime":"2021-01-10T11:38:59.364-05:00[GMT-05:00]","screenshots":[{"screenshot":"e6a3f1fd87ca67d50844202cb73c7aeabf0a47880437b032059574cad0d992db.png","timeStamp":1610296751370}],"result":"SUCCESS","precondition":false,"level":1,"lineNumber":0,"children":[{"number":3,"description":"Wilson go","duration":10243,"startTime":"2021-01-10T11:39:00.701-05:00[GMT-05:00]","screenshots":[{"screenshot":"e6a3f1fd87ca67d50844202cb73c7aeabf0a47880437b032059574cad0d992db.png","timeStamp":1610296750944}],"result":"SUCCESS","precondition":false,"level":2,"lineNumber":0,"children":[{"number":4,"description":"wilson opens the Pagina simon","duration":10150,"startTime":"2021-01-10T11:39:00.745-05:00[GMT-05:00]","screenshots":[{"screenshot":"e6a3f1fd87ca67d50844202cb73c7aeabf0a47880437b032059574cad0d992db.png","timeStamp":1610296750895}],"result":"SUCCESS","precondition":false,"level":3,"lineNumber":0}]}]},{"number":5,"description":"When he fills the form in \"Persona Natural\", \"Cedula\", \"8064623\", \"wilson\", \"Bedoya\", \"M\", \"11-06-1985\", \"12345Colombia\" and","duration":10914,"startTime":"2021-01-10T11:39:11.374-05:00[GMT-05:00]","exception":{"errorType":"net.thucydides.core.webdriver.exceptions.ElementShouldBeEnabledException","message":"Expected enabled element was not enabled","stackTrace":[{"declaringClass":"tasks.Register","methodName":"performAs","fileName":"Register.java","lineNumber":40},{"declaringClass":"stepdefinitions.simonPageStepDefinition","methodName":"heFillsTheFormInAnd","fileName":"simonPageStepDefinition.java","lineNumber":34},{"declaringClass":"cucumber.runner.Runner","methodName":"runPickle","fileName":"Runner.java","lineNumber":80}],"rootCause":{"errorType":"org.openqa.selenium.TimeoutException","message":"Expected condition failed: waiting for By.id: select2-drop-mask to be enabled (tried for 5 second(s) with 100 milliseconds interval)","stackTrace":[{"declaringClass":"tasks.Register","methodName":"performAs","fileName":"Register.java","lineNumber":40},{"declaringClass":"stepdefinitions.simonPageStepDefinition","methodName":"heFillsTheFormInAnd","fileName":"simonPageStepDefinition.java","lineNumber":34},{"declaringClass":"cucumber.runner.Runner","methodName":"runPickle","fileName":"Runner.java","lineNumber":80}],"rootCause":{"errorType":"org.openqa.selenium.NoSuchElementException","message":"no such element: Unable to locate element: {\"method\":\"css selector\",\"selector\":\"#select2\\-drop\\-mask\"}\n  (Session info: chrome\u003d87.0.4280.141)\nFor documentation on this error, please visit: https://www.seleniumhq.org/exceptions/no_such_element.html\nBuild info: version: \u00273.141.59\u0027, revision: \u0027e82be7d358\u0027, time: \u00272018-11-14T08:17:03\u0027\nSystem info: host: \u0027DESKTOP-4OF7A4J\u0027, ip: \u0027192.168.1.101\u0027, os.name: \u0027Windows 10\u0027, os.arch: \u0027amd64\u0027, os.version: \u002710.0\u0027, java.version: \u00271.8.0_271\u0027\nDriver info: org.openqa.selenium.chrome.ChromeDriver\nCapabilities {acceptInsecureCerts: false, browserName: chrome, browserVersion: 87.0.4280.141, chrome: {chromedriverVersion: 87.0.4280.88 (89e2380a3e36c..., userDataDir: C:\\Users\\wabo\\AppData\\Local...}, goog:chromeOptions: {debuggerAddress: localhost:54873}, javascriptEnabled: true, networkConnectionEnabled: false, pageLoadStrategy: normal, platform: WINDOWS, platformName: WINDOWS, proxy: Proxy(), setWindowRect: true, strictFileInteractability: false, timeouts: {implicit: 0, pageLoad: 300000, script: 30000}, unhandledPromptBehavior: dismiss and notify, webauthn:virtualAuthenticators: true}\nSession ID: 578c419a8238740b2cde24d98253e05c\n*** Element info: {Using\u003did, value\u003dselect2-drop-mask}","stackTrace":[{"declaringClass":"tasks.Register","methodName":"performAs","fileName":"Register.java","lineNumber":40},{"declaringClass":"stepdefinitions.simonPageStepDefinition","methodName":"heFillsTheFormInAnd","fileName":"simonPageStepDefinition.java","lineNumber":34},{"declaringClass":"cucumber.runner.Runner","methodName":"runPickle","fileName":"Runner.java","lineNumber":80}]}}},"result":"FAILURE","precondition":false,"level":1,"lineNumber":0,"children":[{"number":6,"description":"Wilson register","duration":10839,"startTime":"2021-01-10T11:39:11.410-05:00[GMT-05:00]","exception":{"errorType":"net.thucydides.core.webdriver.exceptions.ElementShouldBeEnabledException","message":"Expected enabled element was not enabled","stackTrace":[{"declaringClass":"tasks.Register","methodName":"performAs","fileName":"Register.java","lineNumber":40},{"declaringClass":"stepdefinitions.simonPageStepDefinition","methodName":"heFillsTheFormInAnd","fileName":"simonPageStepDefinition.java","lineNumber":34},{"declaringClass":"cucumber.runner.Runner","methodName":"runPickle","fileName":"Runner.java","lineNumber":80}],"rootCause":{"errorType":"org.openqa.selenium.TimeoutException","message":"Expected condition failed: waiting for By.id: select2-drop-mask to be enabled (tried for 5 second(s) with 100 milliseconds interval)","stackTrace":[{"declaringClass":"tasks.Register","methodName":"performAs","fileName":"Register.java","lineNumber":40},{"declaringClass":"stepdefinitions.simonPageStepDefinition","methodName":"heFillsTheFormInAnd","fileName":"simonPageStepDefinition.java","lineNumber":34},{"declaringClass":"cucumber.runner.Runner","methodName":"runPickle","fileName":"Runner.java","lineNumber":80}],"rootCause":{"errorType":"org.openqa.selenium.NoSuchElementException","message":"no such element: Unable to locate element: {\"method\":\"css selector\",\"selector\":\"#select2\\-drop\\-mask\"}\n  (Session info: chrome\u003d87.0.4280.141)\nFor documentation on this error, please visit: https://www.seleniumhq.org/exceptions/no_such_element.html\nBuild info: version: \u00273.141.59\u0027, revision: \u0027e82be7d358\u0027, time: \u00272018-11-14T08:17:03\u0027\nSystem info: host: \u0027DESKTOP-4OF7A4J\u0027, ip: \u0027192.168.1.101\u0027, os.name: \u0027Windows 10\u0027, os.arch: \u0027amd64\u0027, os.version: \u002710.0\u0027, java.version: \u00271.8.0_271\u0027\nDriver info: org.openqa.selenium.chrome.ChromeDriver\nCapabilities {acceptInsecureCerts: false, browserName: chrome, browserVersion: 87.0.4280.141, chrome: {chromedriverVersion: 87.0.4280.88 (89e2380a3e36c..., userDataDir: C:\\Users\\wabo\\AppData\\Local...}, goog:chromeOptions: {debuggerAddress: localhost:54873}, javascriptEnabled: true, networkConnectionEnabled: false, pageLoadStrategy: normal, platform: WINDOWS, platformName: WINDOWS, proxy: Proxy(), setWindowRect: true, strictFileInteractability: false, timeouts: {implicit: 0, pageLoad: 300000, script: 30000}, unhandledPromptBehavior: dismiss and notify, webauthn:virtualAuthenticators: true}\nSession ID: 578c419a8238740b2cde24d98253e05c\n*** Element info: {Using\u003did, value\u003dselect2-drop-mask}","stackTrace":[{"declaringClass":"tasks.Register","methodName":"performAs","fileName":"Register.java","lineNumber":40},{"declaringClass":"stepdefinitions.simonPageStepDefinition","methodName":"heFillsTheFormInAnd","fileName":"simonPageStepDefinition.java","lineNumber":34},{"declaringClass":"cucumber.runner.Runner","methodName":"runPickle","fileName":"Runner.java","lineNumber":80}]}}},"result":"FAILURE","precondition":false,"level":2,"lineNumber":0,"children":[{"number":7,"description":"wilson clicks on select type of person","duration":10717,"startTime":"2021-01-10T11:39:11.487-05:00[GMT-05:00]","screenshots":[{"screenshot":"e6a3f1fd87ca67d50844202cb73c7aeabf0a47880437b032059574cad0d992db.png","htmlSource":"pagesource733397679041099954.html.txt","timeStamp":1610296762187}],"exception":{"errorType":"net.thucydides.core.webdriver.exceptions.ElementShouldBeEnabledException","message":"Expected enabled element was not enabled","stackTrace":[{"declaringClass":"tasks.Register","methodName":"performAs","fileName":"Register.java","lineNumber":40},{"declaringClass":"stepdefinitions.simonPageStepDefinition","methodName":"heFillsTheFormInAnd","fileName":"simonPageStepDefinition.java","lineNumber":34},{"declaringClass":"cucumber.runner.Runner","methodName":"runPickle","fileName":"Runner.java","lineNumber":80}],"rootCause":{"errorType":"org.openqa.selenium.TimeoutException","message":"Expected condition failed: waiting for By.id: select2-drop-mask to be enabled (tried for 5 second(s) with 100 milliseconds interval)","stackTrace":[{"declaringClass":"tasks.Register","methodName":"performAs","fileName":"Register.java","lineNumber":40},{"declaringClass":"stepdefinitions.simonPageStepDefinition","methodName":"heFillsTheFormInAnd","fileName":"simonPageStepDefinition.java","lineNumber":34},{"declaringClass":"cucumber.runner.Runner","methodName":"runPickle","fileName":"Runner.java","lineNumber":80}],"rootCause":{"errorType":"org.openqa.selenium.NoSuchElementException","message":"no such element: Unable to locate element: {\"method\":\"css selector\",\"selector\":\"#select2\\-drop\\-mask\"}\n  (Session info: chrome\u003d87.0.4280.141)\nFor documentation on this error, please visit: https://www.seleniumhq.org/exceptions/no_such_element.html\nBuild info: version: \u00273.141.59\u0027, revision: \u0027e82be7d358\u0027, time: \u00272018-11-14T08:17:03\u0027\nSystem info: host: \u0027DESKTOP-4OF7A4J\u0027, ip: \u0027192.168.1.101\u0027, os.name: \u0027Windows 10\u0027, os.arch: \u0027amd64\u0027, os.version: \u002710.0\u0027, java.version: \u00271.8.0_271\u0027\nDriver info: org.openqa.selenium.chrome.ChromeDriver\nCapabilities {acceptInsecureCerts: false, browserName: chrome, browserVersion: 87.0.4280.141, chrome: {chromedriverVersion: 87.0.4280.88 (89e2380a3e36c..., userDataDir: C:\\Users\\wabo\\AppData\\Local...}, goog:chromeOptions: {debuggerAddress: localhost:54873}, javascriptEnabled: true, networkConnectionEnabled: false, pageLoadStrategy: normal, platform: WINDOWS, platformName: WINDOWS, proxy: Proxy(), setWindowRect: true, strictFileInteractability: false, timeouts: {implicit: 0, pageLoad: 300000, script: 30000}, unhandledPromptBehavior: dismiss and notify, webauthn:virtualAuthenticators: true}\nSession ID: 578c419a8238740b2cde24d98253e05c\n*** Element info: {Using\u003did, value\u003dselect2-drop-mask}","stackTrace":[{"declaringClass":"tasks.Register","methodName":"performAs","fileName":"Register.java","lineNumber":40},{"declaringClass":"stepdefinitions.simonPageStepDefinition","methodName":"heFillsTheFormInAnd","fileName":"simonPageStepDefinition.java","lineNumber":34},{"declaringClass":"cucumber.runner.Runner","methodName":"runPickle","fileName":"Runner.java","lineNumber":80}]}}},"result":"FAILURE","precondition":false,"level":3,"lineNumber":0}]}]}]},{"number":8,"description":"And he acepted the politics","duration":6,"startTime":"2021-01-10T11:39:22.344-05:00[GMT-05:00]","result":"SKIPPED","precondition":false,"level":0,"lineNumber":0},{"number":9,"description":"Then the system shows him a new message","duration":2,"startTime":"2021-01-10T11:39:22.352-05:00[GMT-05:00]","result":"SKIPPED","precondition":false,"level":0,"lineNumber":0}],"userStory":{"id":"to-create-an-user-in-the-application-simon-and-verified-its-creation","storyName":"To create an user in the application SIMON and verified its creation","path":"src/test/resources/features/page_simon.feature","narrative":"  As a web user\n  I want to do a new register on the page Simon\n  To be able do things on the page","type":"feature"},"featureTag":{"name":"Features/To create an user in the application SIMON and verified its creation","type":"feature","displayName":"Features/To create an user in the application SIMON and verified its creation"},"title":"create user in the system SIMON","tags":[{"name":"To create an user in the application SIMON and verified its creation","type":"feature","displayName":"To create an user in the application SIMON and verified its creation"},{"name":"E2ETest","type":"tag","displayName":"E2ETest"}],"startTime":"2021-01-10T11:38:58.959-05:00[GMT-05:00]","duration":24253,"testFailureCause":{"errorType":"net.thucydides.core.webdriver.exceptions.ElementShouldBeEnabledException","message":"Expected enabled element was not enabled","stackTrace":[{"declaringClass":"tasks.Register","methodName":"performAs","fileName":"Register.java","lineNumber":40},{"declaringClass":"stepdefinitions.simonPageStepDefinition","methodName":"heFillsTheFormInAnd","fileName":"simonPageStepDefinition.java","lineNumber":34},{"declaringClass":"cucumber.runner.Runner","methodName":"runPickle","fileName":"Runner.java","lineNumber":80}],"rootCause":{"errorType":"org.openqa.selenium.TimeoutException","message":"Expected condition failed: waiting for By.id: select2-drop-mask to be enabled (tried for 5 second(s) with 100 milliseconds interval)","stackTrace":[{"declaringClass":"tasks.Register","methodName":"performAs","fileName":"Register.java","lineNumber":40},{"declaringClass":"stepdefinitions.simonPageStepDefinition","methodName":"heFillsTheFormInAnd","fileName":"simonPageStepDefinition.java","lineNumber":34},{"declaringClass":"cucumber.runner.Runner","methodName":"runPickle","fileName":"Runner.java","lineNumber":80}],"rootCause":{"errorType":"org.openqa.selenium.NoSuchElementException","message":"no such element: Unable to locate element: {\"method\":\"css selector\",\"selector\":\"#select2\\-drop\\-mask\"}\n  (Session info: chrome\u003d87.0.4280.141)\nFor documentation on this error, please visit: https://www.seleniumhq.org/exceptions/no_such_element.html\nBuild info: version: \u00273.141.59\u0027, revision: \u0027e82be7d358\u0027, time: \u00272018-11-14T08:17:03\u0027\nSystem info: host: \u0027DESKTOP-4OF7A4J\u0027, ip: \u0027192.168.1.101\u0027, os.name: \u0027Windows 10\u0027, os.arch: \u0027amd64\u0027, os.version: \u002710.0\u0027, java.version: \u00271.8.0_271\u0027\nDriver info: org.openqa.selenium.chrome.ChromeDriver\nCapabilities {acceptInsecureCerts: false, browserName: chrome, browserVersion: 87.0.4280.141, chrome: {chromedriverVersion: 87.0.4280.88 (89e2380a3e36c..., userDataDir: C:\\Users\\wabo\\AppData\\Local...}, goog:chromeOptions: {debuggerAddress: localhost:54873}, javascriptEnabled: true, networkConnectionEnabled: false, pageLoadStrategy: normal, platform: WINDOWS, platformName: WINDOWS, proxy: Proxy(), setWindowRect: true, strictFileInteractability: false, timeouts: {implicit: 0, pageLoad: 300000, script: 30000}, unhandledPromptBehavior: dismiss and notify, webauthn:virtualAuthenticators: true}\nSession ID: 578c419a8238740b2cde24d98253e05c\n*** Element info: {Using\u003did, value\u003dselect2-drop-mask}","stackTrace":[{"declaringClass":"tasks.Register","methodName":"performAs","fileName":"Register.java","lineNumber":40},{"declaringClass":"stepdefinitions.simonPageStepDefinition","methodName":"heFillsTheFormInAnd","fileName":"simonPageStepDefinition.java","lineNumber":34},{"declaringClass":"cucumber.runner.Runner","methodName":"runPickle","fileName":"Runner.java","lineNumber":80}]}}},"testFailureClassname":"net.thucydides.core.webdriver.exceptions.ElementShouldBeEnabledException","testFailureMessage":"Expected enabled element was not enabled","testFailureSummary":"FAILURE;net.thucydides.core.webdriver.exceptions.ElementShouldBeEnabledException;Expected enabled element was not enabled;Register.java","projectKey":"","annotatedResult":"FAILURE","isManualTestingUpToDate":false,"dataTable":{"headers":["Personal_Type","Document_Type","Number","Name","Last_Name","Sex","BirthDay","Password"],"rows":[{"values":["\"Persona Natural\"","\"Cedula\"","\"8064623\"","\"wilson\"","\"Bedoya\"","\"M\"","\"11-06-1985\"","\"12345Colombia\""],"lineNumber":18,"result":"FAILURE"}],"predefinedRows":true,"scenarioOutline":"Given that \"wilson\" wants to join in the aplication SIMON\n\rWhen he fills the form in \u003cPersonal_Type\u003e, \u003cDocument_Type\u003e, \u003cNumber\u003e, \u003cName\u003e, \u003cLast_Name\u003e, \u003cSex\u003e, \u003cBirthDay\u003e, \u003cPassword\u003e and\n\rAnd he acepted the politics\n\rThen the system shows him a new message\n\r","dataSetDescriptors":[{"startRow":0,"rowCount":0,"name":""}],"lineNumbersForEachRow":{"0":18}},"manual":false,"testSource":"Cucumber","actors":[{"name":"wilson","can":["browse the web"]}],"result":"FAILURE","scenarioOutline":"Given that \"wilson\" wants to join in the aplication SIMON\r\nWhen he fills the form in \u003cPersonal_Type\u003e, \u003cDocument_Type\u003e, \u003cNumber\u003e, \u003cName\u003e, \u003cLast_Name\u003e, \u003cSex\u003e, \u003cBirthDay\u003e, \u003cPassword\u003e and\r\nAnd he acepted the politics\r\nThen the system shows him a new message"}